[122/11/19: 17:9:2:2][Info]Connecting to robot.
[122/11/19: 17:9:11:11][Info]Robot Disconnected.
[122/11/21: 9:35:9][Info]Reading robot config.
[122/11/21: 9:35:18][Info]Connecting to robot.
[122/11/21: 9:35:18][Error]All motors, all brakes and gripper connected success.
[122/11/21: 9:35:19][Info]Robot Disconnected.
[122/11/21: 9:35:31][Info]Reading robot config.
[122/11/21: 9:35:32][Info]Connecting to robot.
[122/11/21: 9:35:32][Error]All motors, all brakes and gripper connected success.
[122/11/21: 9:35:33][Info]Robot Disconnected.
[122/11/21: 9:35:59][Info]Reading robot config.
[122/11/21: 9:36:2][Info]Connecting to robot.
[122/11/21: 9:36:2][Error]All motors, all brakes and gripper connected success.
[122/11/21: 9:37:4][Info]Robot Disconnected.
[122/11/21: 9:39:31][Info]Reading robot config.
[122/11/21: 9:39:32][Info]Connecting to robot.
[122/11/21: 9:39:32][Error]All motors, all brakes and gripper connected success.
[122/11/21: 9:39:34][Info]Robot Disconnected.
[122/11/21: 9:40:1][Info]Reading robot config.
[122/11/21: 9:40:2][Info]Connecting to robot.
[122/11/21: 9:40:2][Error]All motors, all brakes and gripper connected success.
[122/11/21: 9:55:26][Info]Reading robot config.
[122/11/21: 9:55:27][Info]Connecting to robot.
[122/11/21: 9:55:27][Error]All motors, all brakes and gripper connected success.
[122/11/21: 9:55:39][Pos]x: 27.300000, y: 6.200000, z: -2.700000, yaw: 0.000000, pitch: 0.000000, roll: -0.034400, cable 0 : 27.300000, cable 1 : 6.200000, cable 2 : -2.700000, cable 3 : 0.000000
[122/11/21: 9:55:39][Warning]New Position is beyond robot limit.
[122/11/21: 9:57:4][Info]Reading robot config.
[122/11/21: 9:57:7][Info]Connecting to robot.
[122/11/21: 9:57:7][Error]All motors, all brakes and gripper connected success.
[122/11/21: 9:58:23][Info]Robot Disconnected.
[122/11/22: 11:14:46][Info]Reading robot config.
[122/11/22: 11:14:51][Info]Connecting to robot.
[122/11/22: 11:14:51][Error]Rail connect failed.
[122/11/22: 11:14:51][Info]Robot Disconnected.
[122/11/22: 11:16:1][Info]Reading robot config.
[122/11/22: 11:16:2][Info]Connecting to robot.
[122/11/22: 11:16:2][Error]All motors, all brakes and gripper connected success.
[122/11/22: 11:16:8][Info]Robot Disconnected.
[122/11/22: 11:16:35][Info]Reading robot config.
[122/11/22: 11:16:46][Info]Connecting to robot.
[122/11/22: 11:17:53][Info]Reading robot config.
[122/11/22: 11:18:1][Info]Connecting to robot.
[122/11/22: 11:18:28][Info]Reading robot config.
[122/11/22: 11:19:2][Info]Reading robot config.
[122/11/22: 11:19:3][Info]Connecting to robot.
[122/11/22: 11:19:43][Info]Reading robot config.
[122/11/22: 11:19:45][Info]Connecting to robot.
[122/11/22: 11:19:54][Error]All motors, all brakes and gripper connected success.
[122/11/22: 11:23:36][Info]Reading robot config.
[122/11/22: 11:23:37][Info]Connecting to robot.
[122/11/22: 11:23:42][Error]All motors, all brakes and gripper connected success.
[122/11/22: 11:24:43][Info]Reading robot config.
[122/11/22: 11:24:45][Info]Connecting to robot.
[122/11/22: 11:24:50][Error]All motors, all brakes and gripper connected success.
[122/11/22: 11:28:12][Info]Robot Disconnected.
[122/11/22: 11:29:12][Info]Reading robot config.
[122/11/22: 11:29:14][Info]Connecting to robot.
[122/11/22: 11:29:18][Error]All motors, all brakes and gripper connected success.
[122/11/22: 11:31:55][Info]Reading robot config.
[122/11/22: 11:31:58][Info]Connecting to robot.
[122/11/22: 11:32:3][Error]All motors, all brakes and gripper connected success.
[122/11/22: 11:33:5][Info]Reading robot config.
[122/11/22: 11:34:19][Info]Reading robot config.
[122/11/22: 11:34:20][Info]Connecting to robot.
[122/11/22: 11:34:25][Error]All motors, all brakes and gripper connected success.
[122/11/22: 11:34:50][Info]Robot Disconnected.
[122/11/22: 11:35:4][Info]Reading robot config.
[122/11/22: 11:35:6][Info]Connecting to robot.
[122/11/22: 11:35:11][Error]All motors, all brakes and gripper connected success.
[122/11/22: 11:39:38][Info]Robot Disconnected.
[122/11/22: 11:40:4][Info]Reading robot config.
[122/11/22: 11:40:5][Info]Connecting to robot.
[122/11/22: 11:40:10][Error]All motors, all brakes and gripper connected success.
[122/11/22: 11:43:31][Info]Robot Disconnected.
[122/11/22: 11:43:46][Info]Reading robot config.
[122/11/22: 11:43:49][Info]Connecting to robot.
[122/11/22: 11:43:54][Error]All motors, all brakes and gripper connected success.
[122/11/22: 11:49:14][Info]Robot Disconnected.
[122/11/22: 11:52:53][Info]Reading robot config.
[122/11/22: 11:52:54][Info]Connecting to robot.
[122/11/22: 11:52:59][Error]All motors, all brakes and gripper connected success.
[122/11/22: 11:53:1][Info]Robot Disconnected.
[122/11/22: 11:57:38][Info]Reading robot config.
[122/11/22: 11:57:39][Info]Connecting to robot.
[122/11/22: 11:57:48][Error]All motors, all brakes and gripper connected success.
[122/11/22: 12:1:50][Info]Robot Disconnected.
[122/11/22: 12:3:3][Info]Reading robot config.
[122/11/22: 12:3:4][Info]Connecting to robot.
[122/11/22: 12:3:9][Error]All motors, all brakes and gripper connected success.
[122/11/22: 12:5:12][Info]Robot Disconnected.
[122/11/22: 12:5:28][Info]Reading robot config.
[122/11/22: 12:5:30][Info]Connecting to robot.
[122/11/22: 12:5:35][Error]All motors, all brakes and gripper connected success.
[122/11/22: 12:10:9][Info]Robot Disconnected.
[122/11/22: 15:12:39][Info]Reading robot config.
[122/11/22: 15:12:40][Info]Connecting to robot.
[122/11/22: 15:12:45][Error]All motors, all brakes and gripper connected success.
[122/11/22: 15:12:52][Pos]x: 7.429076, y: 8.972569, z: -2.513081, yaw: 0.185810, pitch: -0.061158, roll: -0.092760, cable 0 : 7.429076, cable 1 : 8.972569, cable 2 : -2.513081, cable 3 : 0.185810
[122/11/22: 15:14:15][Info]Reading robot config.
[122/11/22: 15:14:16][Info]Connecting to robot.
[122/11/22: 15:14:21][Error]All motors, all brakes and gripper connected success.
[122/11/22: 15:15:7][Info]Robot Disconnected.
[122/11/22: 15:16:41][Info]Reading robot config.
[122/11/22: 15:16:44][Info]Connecting to robot.
[122/11/22: 15:16:49][Error]All motors, all brakes and gripper connected success.
[122/11/22: 15:16:54][Pos]x: 7.329076, y: 8.972569, z: -2.553081, yaw: 0.185810, pitch: -0.061158, roll: -0.092760, cable 0 : 7.329076, cable 1 : 8.972569, cable 2 : -2.553081, cable 3 : 0.185810
[122/11/22: 15:19:28][Info]Robot Disconnected.
[122/11/22: 15:21:22][Info]Reading robot config.
[122/11/22: 15:21:24][Info]Connecting to robot.
[122/11/22: 15:21:50][Info]Reading robot config.
[122/11/22: 15:21:51][Info]Connecting to robot.
[122/11/22: 15:21:56][Error]All motors, all brakes and gripper connected success.
[122/11/22: 15:22:48][Pos]x: 6.950031, y: 8.471772, z: -2.407899, yaw: 0.000000, pitch: 0.000000, roll: 0.000000, cable 0 : 6.950031, cable 1 : 8.471772, cable 2 : -2.407899, cable 3 : 0.000000
[122/11/22: 15:32:55][Info]Robot Disconnected.
